

================================================================
== Vivado HLS Report for 'l2_trigger'
================================================================
* Date:           Fri Apr 13 14:50:13 2018

* Version:        2016.2 (Build 1577090 on Thu Jun 02 16:59:10 MDT 2016)
* Project:        l2_trigger
* Solution:       solution1
* Product family: zynq
* Target device:  xc7z030ffg676-2


================================================================
== Performance Estimates
================================================================
+ Timing (ns): 
    * Summary: 
    +--------+-------+----------+------------+
    |  Clock | Target| Estimated| Uncertainty|
    +--------+-------+----------+------------+
    |ap_clk  |  10.00|      6.76|        1.25|
    +--------+-------+----------+------------+

+ Latency (clock cycles): 
    * Summary: 
    +-----+-----+-----+-----+---------+
    |  Latency  |  Interval | Pipeline|
    | min | max | min | max |   Type  |
    +-----+-----+-----+-----+---------+
    |    ?|    ?|    ?|    ?|   none  |
    +-----+-----+-----+-----+---------+

    + Detail: 
        * Instance: 
        N/A

        * Loop: 
        +---------------------+-----+----------+----------------+-----------+-----------+-----------+----------+
        |                     |     Latency    |    Iteration   |  Initiation Interval  |    Trip   |          |
        |      Loop Name      | min |    max   |     Latency    |  achieved |   target  |   Count   | Pipelined|
        +---------------------+-----+----------+----------------+-----------+-----------+-----------+----------+
        |- Loop 1             |    0|     32767|               1|          -|          -| 0 ~ 32767 |    no    |
        |- Loop 2             |   16|    262152|    2 ~ 32769   |          -|          -|          8|    no    |
        | + Loop 2.1          |    0|     32767|               1|          -|          -| 0 ~ 32767 |    no    |
        |- Loop 3             |    ?|         ?| 260 ~ 84014849 |          -|          -|          ?|    no    |
        | + Loop 3.1          |    0|     65535|               1|          -|          -| 0 ~ 65535 |    no    |
        | + Loop 3.2          |  256|  83883776|   2 ~ 655342   |          -|          -|        128|    no    |
        |  ++ Loop 3.2.1      |    0|    655340|     18 ~ 20    |          -|          -| 0 ~ 32767 |    no    |
        |   +++ Loop 3.2.1.1  |   14|        14|               2|          -|          -|          7|    no    |
        | + Loop 3.3          |    0|     65534|               2|          -|          -| 0 ~ 32767 |    no    |
        +---------------------+-----+----------+----------------+-----------+-----------+-----------+----------+



================================================================
== Utilization Estimates
================================================================
* Summary: 
+-----------------+---------+-------+--------+-------+
|       Name      | BRAM_18K| DSP48E|   FF   |  LUT  |
+-----------------+---------+-------+--------+-------+
|DSP              |        -|      -|       -|      -|
|Expression       |        -|      -|       0|    418|
|FIFO             |        -|      -|       -|      -|
|Instance         |        0|      -|      58|     72|
|Memory           |       58|      -|       0|      0|
|Multiplexer      |        -|      -|       -|    524|
|Register         |        -|      -|     506|      -|
+-----------------+---------+-------+--------+-------+
|Total            |       58|      0|     564|   1014|
+-----------------+---------+-------+--------+-------+
|Available        |      530|    400|  157200|  78600|
+-----------------+---------+-------+--------+-------+
|Utilization (%)  |       10|      0|   ~0   |      1|
+-----------------+---------+-------+--------+-------+

+ Detail: 
    * Instance: 
    +-----------------------------+---------------------------+---------+-------+----+----+
    |           Instance          |           Module          | BRAM_18K| DSP48E| FF | LUT|
    +-----------------------------+---------------------------+---------+-------+----+----+
    |l2_trigger_CTRL_BUS_s_axi_U  |l2_trigger_CTRL_BUS_s_axi  |        0|      0|  58|  72|
    +-----------------------------+---------------------------+---------+-------+----+----+
    |Total                        |                           |        0|      0|  58|  72|
    +-----------------------------+---------------------------+---------+-------+----+----+

    * DSP48: 
    N/A

    * Memory: 
    +---------------+------------------------+---------+---+----+------+-----+------+-------------+
    |     Memory    |         Module         | BRAM_18K| FF| LUT| Words| Bits| Banks| W*Bits*Banks|
    +---------------+------------------------+---------+---+----+------+-----+------+-------------+
    |data_shift1_U  |l2_trigger_data_shift1  |       17|  0|   0|  9216|   17|     1|       156672|
    |data_shift2_U  |l2_trigger_data_shift1  |       17|  0|   0|  9216|   17|     1|       156672|
    |sum_overP1_U   |l2_trigger_sum_overP1   |        4|  0|   0|  1152|   32|     1|        36864|
    |sum_overP2_U   |l2_trigger_sum_overP1   |        4|  0|   0|  1152|   32|     1|        36864|
    |sum_pix1_U     |l2_trigger_sum_overP1   |        4|  0|   0|  1152|   32|     1|        36864|
    |sum_pix2_U     |l2_trigger_sum_overP1   |        4|  0|   0|  1152|   32|     1|        36864|
    |thresh1_U      |l2_trigger_thresh1      |        4|  0|   0|  1152|   31|     1|        35712|
    |thresh2_U      |l2_trigger_thresh1      |        4|  0|   0|  1152|   31|     1|        35712|
    +---------------+------------------------+---------+---+----+------+-----+------+-------------+
    |Total          |                        |       58|  0|   0| 25344|  224|     8|       532224|
    +---------------+------------------------+---------+---+----+------+-----+------+-------------+

    * FIFO: 
    N/A

    * Expression: 
    +-------------------------+----------+-------+---+----+------------+------------+
    |      Variable Name      | Operation| DSP48E| FF| LUT| Bitwidth P0| Bitwidth P1|
    +-------------------------+----------+-------+---+----+------------+------------+
    |i_5_fu_620_p2            |     +    |      0|  0|  15|          15|           1|
    |i_6_fu_681_p2            |     +    |      0|  0|  15|          15|           1|
    |i_7_fu_703_p2            |     +    |      0|  0|  16|          16|           1|
    |i_8_fu_958_p2            |     +    |      0|  0|  15|          15|           1|
    |i_9_fu_732_p2            |     +    |      0|  0|  15|          15|           1|
    |kk_2_fu_640_p2           |     +    |      0|  0|   4|           4|           1|
    |kk_3_fu_876_p2           |     +    |      0|  0|   4|           4|           2|
    |tmp_16_fu_766_p2         |     +    |      0|  0|  32|          32|          32|
    |tmp_18_fu_777_p2         |     +    |      0|  0|  32|          32|          32|
    |tmp_20_fu_917_p2         |     +    |      0|  0|  32|          32|          32|
    |tmp_21_fu_923_p2         |     +    |      0|  0|  32|          32|          32|
    |tmp_23_fu_834_p2         |     +    |      0|  0|   4|           4|           1|
    |tmp_25_fu_903_p2         |     +    |      0|  0|  32|          32|          32|
    |tmp_26_fu_910_p2         |     +    |      0|  0|  32|          32|          32|
    |tmp_28_fu_816_p2         |     +    |      0|  0|   7|          15|          15|
    |tmp_29_fu_822_p2         |     +    |      0|  0|   7|          15|          15|
    |tmp_34_fu_864_p2         |     +    |      0|  0|   7|          15|          15|
    |tmp_35_fu_870_p2         |     +    |      0|  0|   7|          15|          15|
    |tmp_6_fu_670_p2          |     +    |      0|  0|  15|          15|          15|
    |tmp_7_fu_721_p2          |     +    |      0|  0|   8|           8|           1|
    |tmp_8_fu_687_p2          |     +    |      0|  0|  15|          15|          15|
    |or_cond_fu_948_p2        |    and   |      0|  0|   1|           1|           1|
    |tmp_nbreadreq_fu_196_p9  |    and   |      0|  0|   1|           1|           0|
    |exitcond1_fu_634_p2      |   icmp   |      0|  0|   2|           4|           5|
    |exitcond2_fu_698_p2      |   icmp   |      0|  0|   6|          16|          16|
    |exitcond6_fu_953_p2      |   icmp   |      0|  0|   6|          15|          15|
    |exitcond7_fu_727_p2      |   icmp   |      0|  0|   6|          15|          15|
    |exitcond8_fu_676_p2      |   icmp   |      0|  0|   6|          15|          15|
    |exitcond9_fu_615_p2      |   icmp   |      0|  0|   6|          15|          15|
    |exitcond_fu_715_p2       |   icmp   |      0|  0|   3|           8|           9|
    |grp_fu_599_p2            |   icmp   |      0|  0|  11|          32|           1|
    |tmp_22_fu_933_p2         |   icmp   |      0|  0|  11|          32|          32|
    |tmp_30_fu_943_p2         |   icmp   |      0|  0|  11|          32|          32|
    +-------------------------+----------+-------+---+----+------------+------------+
    |Total                    |          |      0|  0| 418|         564|         448|
    +-------------------------+----------+-------+---+----+------------+------------+

    * Multiplexer: 
    +----------------------------------+----+-----------+-----+-----------+
    |               Name               | LUT| Input Size| Bits| Total Bits|
    +----------------------------------+----+-----------+-----+-----------+
    |ap_NS_fsm                         |  15|         17|    1|         17|
    |ap_sig_ioackin_out_stream_TREADY  |   1|          2|    1|          2|
    |data_shift1_address0              |  14|          5|   14|         70|
    |data_shift1_d0                    |  17|          4|   17|         68|
    |data_shift2_address0              |  14|          5|   14|         70|
    |data_shift2_d0                    |  17|          4|   17|         68|
    |i_1_reg_496                       |  15|          2|   15|         30|
    |i_2_reg_507                       |  16|          2|   16|         32|
    |i_3_reg_541                       |  15|          2|   15|         30|
    |i_4_reg_588                       |  15|          2|   15|         30|
    |i_reg_474                         |  15|          2|   15|         30|
    |in_stream_TDATA_blk_n             |   1|          2|    1|          2|
    |itrig_1_reg_557                   |  32|          3|   32|         96|
    |itrig_reg_529                     |  32|          2|   32|         64|
    |k_reg_518                         |   8|          2|    8|         16|
    |kk_1_reg_577                      |   4|          2|    4|          8|
    |kk_reg_485                        |   4|          2|    4|          8|
    |out_stream_TDATA_blk_n            |   1|          2|    1|          2|
    |sum_overP1_address0               |  11|          3|   11|         33|
    |sum_overP1_d0                     |  32|          4|   32|        128|
    |sum_overP2_address0               |  11|          3|   11|         33|
    |sum_overP2_d0                     |  32|          4|   32|        128|
    |sum_pix1_address0                 |  11|          6|   11|         66|
    |sum_pix1_d0                       |  32|          3|   32|         96|
    |sum_pix2_address0                 |  11|          6|   11|         66|
    |sum_pix2_d0                       |  32|          3|   32|         96|
    |thresh1_address0                  |  11|          4|   11|         44|
    |thresh1_d0                        |  31|          3|   31|         93|
    |thresh2_address0                  |  11|          4|   11|         44|
    |thresh2_d0                        |  31|          3|   31|         93|
    |trig_data                         |  32|          3|   32|         96|
    +----------------------------------+----+-----------+-----+-----------+
    |Total                             | 524|        111|  510|       1659|
    +----------------------------------+----+-----------+-----+-----------+

    * Register: 
    +----------------------------------+----+----+-----+-----------+
    |               Name               | FF | LUT| Bits| Const Bits|
    +----------------------------------+----+----+-----+-----------+
    |ap_CS_fsm                         |  16|   0|   16|          0|
    |ap_reg_ioackin_out_stream_TREADY  |   1|   0|    1|          0|
    |data_shift1_addr_1_reg_1116       |  14|   0|   14|          0|
    |data_shift2_addr_1_reg_1121       |  14|   0|   14|          0|
    |i_1_reg_496                       |  15|   0|   15|          0|
    |i_2_reg_507                       |  16|   0|   16|          0|
    |i_3_reg_541                       |  15|   0|   15|          0|
    |i_4_reg_588                       |  15|   0|   15|          0|
    |i_8_reg_1213                      |  15|   0|   15|          0|
    |i_9_reg_1089                      |  15|   0|   15|          0|
    |i_reg_474                         |  15|   0|   15|          0|
    |itrig_1_reg_557                   |  32|   0|   32|          0|
    |itrig_reg_529                     |  32|   0|   32|          0|
    |k_reg_518                         |   8|   0|    8|          0|
    |kk_1_reg_577                      |   4|   0|    4|          0|
    |kk_2_reg_1049                     |   4|   0|    4|          0|
    |kk_3_reg_1174                     |   4|   0|    4|          0|
    |kk_reg_485                        |   4|   0|    4|          0|
    |n_pixels_in_bus_read_reg_1025     |  16|   0|   16|          0|
    |p_old_reg_1203                    |   1|   0|    1|          0|
    |phitmp_reg_1131                   |  16|   0|   16|          0|
    |sum_overP1_addr_reg_1146          |  11|   0|   11|          0|
    |sum_overP2_addr_reg_1151          |  11|   0|   11|          0|
    |sum_pix1_addr_3_reg_1106          |  11|   0|   11|          0|
    |sum_pix2_addr_3_reg_1111          |  11|   0|   11|          0|
    |tmp_13_reg_1096                   |  15|   0|   64|         49|
    |tmp_14_reg_1126                   |  16|   0|   16|          0|
    |tmp_15_reg_1136                   |  32|   0|   32|          0|
    |tmp_17_reg_1141                   |  32|   0|   32|          0|
    |tmp_1_reg_1030                    |  15|   0|   15|          0|
    |tmp_21_reg_1184                   |  32|   0|   32|          0|
    |tmp_22_reg_1189                   |   1|   0|    1|          0|
    |tmp_31_reg_1198                   |   1|   0|    1|          0|
    |tmp_35_reg_1169                   |  15|   0|   15|          0|
    |tmp_4_reg_1218                    |  15|   0|   64|         49|
    |tmp_6_reg_1054                    |   8|   0|   15|          7|
    |tmp_7_reg_1081                    |   8|   0|    8|          0|
    +----------------------------------+----+----+-----+-----------+
    |Total                             | 506|   0|  611|        105|
    +----------------------------------+----+----+-----+-----------+



================================================================
== Interface
================================================================
* Summary: 
+------------------------+-----+-----+------------+---------------------+--------------+
|        RTL Ports       | Dir | Bits|  Protocol  |    Source Object    |    C Type    |
+------------------------+-----+-----+------------+---------------------+--------------+
|s_axi_CTRL_BUS_AWVALID  |  in |    1|    s_axi   |       CTRL_BUS      |    scalar    |
|s_axi_CTRL_BUS_AWREADY  | out |    1|    s_axi   |       CTRL_BUS      |    scalar    |
|s_axi_CTRL_BUS_AWADDR   |  in |    5|    s_axi   |       CTRL_BUS      |    scalar    |
|s_axi_CTRL_BUS_WVALID   |  in |    1|    s_axi   |       CTRL_BUS      |    scalar    |
|s_axi_CTRL_BUS_WREADY   | out |    1|    s_axi   |       CTRL_BUS      |    scalar    |
|s_axi_CTRL_BUS_WDATA    |  in |   32|    s_axi   |       CTRL_BUS      |    scalar    |
|s_axi_CTRL_BUS_WSTRB    |  in |    4|    s_axi   |       CTRL_BUS      |    scalar    |
|s_axi_CTRL_BUS_ARVALID  |  in |    1|    s_axi   |       CTRL_BUS      |    scalar    |
|s_axi_CTRL_BUS_ARREADY  | out |    1|    s_axi   |       CTRL_BUS      |    scalar    |
|s_axi_CTRL_BUS_ARADDR   |  in |    5|    s_axi   |       CTRL_BUS      |    scalar    |
|s_axi_CTRL_BUS_RVALID   | out |    1|    s_axi   |       CTRL_BUS      |    scalar    |
|s_axi_CTRL_BUS_RREADY   |  in |    1|    s_axi   |       CTRL_BUS      |    scalar    |
|s_axi_CTRL_BUS_RDATA    | out |   32|    s_axi   |       CTRL_BUS      |    scalar    |
|s_axi_CTRL_BUS_RRESP    | out |    2|    s_axi   |       CTRL_BUS      |    scalar    |
|s_axi_CTRL_BUS_BVALID   | out |    1|    s_axi   |       CTRL_BUS      |    scalar    |
|s_axi_CTRL_BUS_BREADY   |  in |    1|    s_axi   |       CTRL_BUS      |    scalar    |
|s_axi_CTRL_BUS_BRESP    | out |    2|    s_axi   |       CTRL_BUS      |    scalar    |
|ap_clk                  |  in |    1| ap_ctrl_hs |      l2_trigger     | return value |
|ap_rst_n                |  in |    1| ap_ctrl_hs |      l2_trigger     | return value |
|interrupt               | out |    1| ap_ctrl_hs |      l2_trigger     | return value |
|in_stream_TDATA         |  in |   32|    axis    |  in_stream_V_data_V |    pointer   |
|in_stream_TVALID        |  in |    1|    axis    |  in_stream_V_dest_V |    pointer   |
|in_stream_TREADY        | out |    1|    axis    |  in_stream_V_dest_V |    pointer   |
|in_stream_TDEST         |  in |    6|    axis    |  in_stream_V_dest_V |    pointer   |
|in_stream_TKEEP         |  in |    4|    axis    |  in_stream_V_keep_V |    pointer   |
|in_stream_TSTRB         |  in |    4|    axis    |  in_stream_V_strb_V |    pointer   |
|in_stream_TUSER         |  in |    2|    axis    |  in_stream_V_user_V |    pointer   |
|in_stream_TLAST         |  in |    1|    axis    |  in_stream_V_last_V |    pointer   |
|in_stream_TID           |  in |    5|    axis    |   in_stream_V_id_V  |    pointer   |
|out_stream_TDATA        | out |   64|    axis    | out_stream_V_data_V |    pointer   |
|out_stream_TVALID       | out |    1|    axis    | out_stream_V_dest_V |    pointer   |
|out_stream_TREADY       |  in |    1|    axis    | out_stream_V_dest_V |    pointer   |
|out_stream_TDEST        | out |    6|    axis    | out_stream_V_dest_V |    pointer   |
|out_stream_TKEEP        | out |    8|    axis    | out_stream_V_keep_V |    pointer   |
|out_stream_TSTRB        | out |    8|    axis    | out_stream_V_strb_V |    pointer   |
|out_stream_TUSER        | out |    2|    axis    | out_stream_V_user_V |    pointer   |
|out_stream_TLAST        | out |    1|    axis    | out_stream_V_last_V |    pointer   |
|out_stream_TID          | out |    5|    axis    |  out_stream_V_id_V  |    pointer   |
|trig_data               | out |   32|   ap_ovld  |      trig_data      |    pointer   |
|trig_data_ap_vld        | out |    1|   ap_ovld  |      trig_data      |    pointer   |
+------------------------+-----+-----+------------+---------------------+--------------+

